<?xml version="1.0" encoding="utf-8"?><testsuites name="pytest tests"><testsuite name="pytest" errors="0" failures="0" skipped="0" tests="4" time="1.887" timestamp="2026-08-26T20:57:54.298287+00:00" hostname="agent-env-dec0f55a-506b-414e-b877-3ad13c8b0eb3"><testcase classname="tests.test_backend" name="test_root" time="0.342" /><testcase classname="tests.test_backend" name="test_share_create_and_get" time="0.399" /><testcase classname="tests.test_backend" name="test_share_get_404" time="0.185" /><testcase classname="tests.test_backend" name="test_source_zip" time="0.461" /></testsuite></testsuites>